<?xml version="1.0" encoding="UTF-8"?>
<!-- Generated by org.testng.reporters.JUnitReportReporter -->
<testsuite hostname="DESKTOP-KF0V1ML" failures="0" tests="8" name="AddressOnMyWebsite.AddressFields" time="2.359" errors="0" timestamp="2021-02-12T21:51:26 GMT" skipped="0">
  <testcase classname="AddressOnMyWebsite.AddressFields" name="TestOne" time="0.260"/>
  <system-out/>
  <testcase classname="AddressOnMyWebsite.AddressFields" name="TestTwo" time="0.143"/>
  <system-out/>
  <testcase classname="AddressOnMyWebsite.AddressFields" name="TestThree" time="0.122"/>
  <system-out/>
  <testcase classname="AddressOnMyWebsite.AddressFields" name="TestFour" time="0.129"/>
  <system-out/>
  <testcase classname="AddressOnMyWebsite.AddressFields" name="TestFive" time="0.110"/>
  <system-out/>
  <testcase classname="AddressOnMyWebsite.AddressFields" name="TestSix" time="0.121"/>
  <system-out/>
  <testcase classname="AddressOnMyWebsite.AddressFields" name="TestSeven" time="1.455"/>
  <system-out/>
  <testcase classname="AddressOnMyWebsite.AddressFields" name="TestEight" time="0.019"/>
  <system-out/>
</testsuite> <!-- AddressOnMyWebsite.AddressFields -->
