<?xml version="1.0" encoding="UTF-8"?>
<!-- Generated by org.testng.reporters.JUnitReportReporter -->
<testsuite hostname="DESKTOP-KF0V1ML" failures="0" tests="8" name="AddressOnMyWebsite.AddressFields" time="1.361" errors="0" timestamp="2021-02-12T16:53:57 GMT" skipped="0">
  <testcase classname="AddressOnMyWebsite.AddressFields" name="TestOne" time="0.211"/>
  <system-out/>
  <testcase classname="AddressOnMyWebsite.AddressFields" name="TestTwo" time="0.147"/>
  <system-out/>
  <testcase classname="AddressOnMyWebsite.AddressFields" name="TestThree" time="0.128"/>
  <system-out/>
  <testcase classname="AddressOnMyWebsite.AddressFields" name="TestFour" time="0.125"/>
  <system-out/>
  <testcase classname="AddressOnMyWebsite.AddressFields" name="TestFive" time="0.115"/>
  <system-out/>
  <testcase classname="AddressOnMyWebsite.AddressFields" name="TestSix" time="0.127"/>
  <system-out/>
  <testcase classname="AddressOnMyWebsite.AddressFields" name="TestSeven" time="0.489"/>
  <system-out/>
  <testcase classname="AddressOnMyWebsite.AddressFields" name="TestEight" time="0.019"/>
  <system-out/>
</testsuite> <!-- AddressOnMyWebsite.AddressFields -->
